  CVC.cpp
D:\OpenCV\opencv\new_build\install\include\opencv2/calib3d.hpp : warning C4819: 檔案含有無法在目前字碼頁 (950) 中表示的字元。請以 Unicode 格式儲存檔案以防止資料遺失
CVC.cpp(349): warning C4244: '正在初始化': 將 'double' 轉換為 'const C_FLOAT'，由於類型不同，可能導致資料遺失
CVC.cpp(349): warning C4244: '正在初始化': 將 'double' 轉換為 'C_FLOAT'，由於類型不同，可能導致資料遺失
CVC.cpp(350): warning C4244: '正在初始化': 將 'double' 轉換為 'const C_FLOAT'，由於類型不同，可能導致資料遺失
CVC.cpp(350): warning C4244: '正在初始化': 將 'double' 轉換為 'C_FLOAT'，由於類型不同，可能導致資料遺失
  general.cpp
D:\OpenCV\opencv\new_build\install\include\opencv2/calib3d.hpp : warning C4819: 檔案含有無法在目前字碼頁 (950) 中表示的字元。請以 Unicode 格式儲存檔案以防止資料遺失
  HOG.cpp
D:\OpenCV\opencv\new_build\install\include\opencv2/calib3d.hpp : warning C4819: 檔案含有無法在目前字碼頁 (950) 中表示的字元。請以 Unicode 格式儲存檔案以防止資料遺失
HOG.cpp(20): warning C4244: '正在初始化': 將 'double' 轉換為 'const C_FLOAT'，由於類型不同，可能導致資料遺失
HOG.cpp(20): warning C4244: '正在初始化': 將 'double' 轉換為 'C_FLOAT'，由於類型不同，可能導致資料遺失
HOG.cpp(96): warning C4244: '正在初始化': 將 'int' 轉換為 'const C_FLOAT'，由於類型不同，可能導致資料遺失
HOG.cpp(96): warning C4244: '正在初始化': 將 'int' 轉換為 'C_FLOAT'，由於類型不同，可能導致資料遺失
  LBP.cpp
D:\OpenCV\opencv\new_build\install\include\opencv2/calib3d.hpp : warning C4819: 檔案含有無法在目前字碼頁 (950) 中表示的字元。請以 Unicode 格式儲存檔案以防止資料遺失
  正在產生程式碼
  673 of 680 functions (99.0%) were compiled, the rest were copied from previous compilation.
    658 functions were new in current compilation
    3 functions had inline decision re-evaluated but remain unchanged
  已完成程式碼產生
  CVC.vcxproj -> D:\VisualStudio\VisualStudioProject\CVC\x64\Release\CVC.exe
  CVC.vcxproj -> D:\VisualStudio\VisualStudioProject\CVC\x64\Release\CVC.pdb (Full PDB)
